2016-08-30 14:37:06,526 - bacon - INFO - Writing log file at C:\Users\Yadu\Desktop\Python\Bacon\bacon.log
2016-08-30 14:37:06,595 - bacon - INFO - Bacon 0.3.1
2016-08-30 14:37:06,673 - bacon - INFO - Windows 6.2.9200 
2016-08-30 14:37:06,673 - bacon - INFO - Architecture: x64
2016-08-30 14:37:06,673 - bacon - INFO - Number of processors: 8
2016-08-30 14:37:06,730 - bacon - INFO - GL_VENDOR: Google Inc.
2016-08-30 14:37:06,730 - bacon - INFO - GL_RENDERER: ANGLE (Intel(R) HD Graphics 4600 Direct3D11 vs_5_0 ps_5_0)
2016-08-30 14:37:06,730 - bacon - INFO - GL_SHADING_LANGUAGE_VERSION: OpenGL ES GLSL ES 1.00 (ANGLE 1.2.0.2431)
2016-08-30 14:37:06,730 - bacon - INFO - GL_EXTENSIONS: GL_OES_element_index_uint GL_OES_packed_depth_stencil GL_OES_get_program_binary GL_OES_rgb8_rgba8 GL_OES_standard_derivatives GL_OES_texture_half_float GL_OES_texture_half_float_linear GL_OES_texture_float GL_OES_texture_float_linear GL_OES_texture_npot GL_EXT_occlusion_query_boolean GL_EXT_read_format_bgra GL_EXT_robustness GL_EXT_texture_compression_dxt1 GL_EXT_texture_filter_anisotropic GL_EXT_texture_format_BGRA8888 GL_EXT_draw_buffers GL_EXT_texture_storage GL_EXT_frag_depth GL_ANGLE_depth_texture GL_ANGLE_framebuffer_blit GL_ANGLE_framebuffer_multisample GL_ANGLE_instanced_arrays GL_ANGLE_pack_reverse_row_order GL_ANGLE_texture_compression_dxt3 GL_ANGLE_texture_compression_dxt5 GL_ANGLE_texture_usage GL_ANGLE_translated_shader_source GL_NV_fence
2016-08-30 14:37:06,740 - bacon - INFO - Window size changed to 600x480
2016-08-30 14:37:17,348 - bacon - INFO - Window size changed to 600x480
2016-08-30 14:38:05,507 - bacon - INFO - Writing log file at C:\Users\Yadu\Desktop\Python\Bacon\bacon.log
2016-08-30 14:38:05,553 - bacon - INFO - Bacon 0.3.1
2016-08-30 14:38:05,599 - bacon - INFO - Windows 6.2.9200 
2016-08-30 14:38:05,599 - bacon - INFO - Architecture: x64
2016-08-30 14:38:05,599 - bacon - INFO - Number of processors: 8
2016-08-30 14:38:05,618 - bacon - INFO - GL_VENDOR: Google Inc.
2016-08-30 14:38:05,618 - bacon - INFO - GL_RENDERER: ANGLE (Intel(R) HD Graphics 4600 Direct3D11 vs_5_0 ps_5_0)
2016-08-30 14:38:05,618 - bacon - INFO - GL_SHADING_LANGUAGE_VERSION: OpenGL ES GLSL ES 1.00 (ANGLE 1.2.0.2431)
2016-08-30 14:38:05,618 - bacon - INFO - GL_EXTENSIONS: GL_OES_element_index_uint GL_OES_packed_depth_stencil GL_OES_get_program_binary GL_OES_rgb8_rgba8 GL_OES_standard_derivatives GL_OES_texture_half_float GL_OES_texture_half_float_linear GL_OES_texture_float GL_OES_texture_float_linear GL_OES_texture_npot GL_EXT_occlusion_query_boolean GL_EXT_read_format_bgra GL_EXT_robustness GL_EXT_texture_compression_dxt1 GL_EXT_texture_filter_anisotropic GL_EXT_texture_format_BGRA8888 GL_EXT_draw_buffers GL_EXT_texture_storage GL_EXT_frag_depth GL_ANGLE_depth_texture GL_ANGLE_framebuffer_blit GL_ANGLE_framebuffer_multisample GL_ANGLE_instanced_arrays GL_ANGLE_pack_reverse_row_order GL_ANGLE_texture_compression_dxt3 GL_ANGLE_texture_compression_dxt5 GL_ANGLE_texture_usage GL_ANGLE_translated_shader_source GL_NV_fence
2016-08-30 14:38:05,628 - bacon - INFO - Window size changed to 800x600
2016-08-30 14:40:27,721 - bacon - INFO - Writing log file at C:\Users\Yadu\Desktop\Python\Bacon\bacon.log
2016-08-30 14:40:27,767 - bacon - INFO - Bacon 0.3.1
2016-08-30 14:40:27,815 - bacon - INFO - Windows 6.2.9200 
2016-08-30 14:40:27,815 - bacon - INFO - Architecture: x64
2016-08-30 14:40:27,815 - bacon - INFO - Number of processors: 8
2016-08-30 14:40:27,832 - bacon - INFO - GL_VENDOR: Google Inc.
2016-08-30 14:40:27,832 - bacon - INFO - GL_RENDERER: ANGLE (Intel(R) HD Graphics 4600 Direct3D11 vs_5_0 ps_5_0)
2016-08-30 14:40:27,832 - bacon - INFO - GL_SHADING_LANGUAGE_VERSION: OpenGL ES GLSL ES 1.00 (ANGLE 1.2.0.2431)
2016-08-30 14:40:27,832 - bacon - INFO - GL_EXTENSIONS: GL_OES_element_index_uint GL_OES_packed_depth_stencil GL_OES_get_program_binary GL_OES_rgb8_rgba8 GL_OES_standard_derivatives GL_OES_texture_half_float GL_OES_texture_half_float_linear GL_OES_texture_float GL_OES_texture_float_linear GL_OES_texture_npot GL_EXT_occlusion_query_boolean GL_EXT_read_format_bgra GL_EXT_robustness GL_EXT_texture_compression_dxt1 GL_EXT_texture_filter_anisotropic GL_EXT_texture_format_BGRA8888 GL_EXT_draw_buffers GL_EXT_texture_storage GL_EXT_frag_depth GL_ANGLE_depth_texture GL_ANGLE_framebuffer_blit GL_ANGLE_framebuffer_multisample GL_ANGLE_instanced_arrays GL_ANGLE_pack_reverse_row_order GL_ANGLE_texture_compression_dxt3 GL_ANGLE_texture_compression_dxt5 GL_ANGLE_texture_usage GL_ANGLE_translated_shader_source GL_NV_fence
2016-08-30 14:40:27,839 - bacon - INFO - Window size changed to 800x600
2016-08-30 14:43:48,437 - bacon - INFO - Writing log file at C:\Users\Yadu\Desktop\Python\Bacon\bacon.log
2016-08-30 14:43:48,484 - bacon - INFO - Bacon 0.3.1
2016-08-30 14:43:48,532 - bacon - INFO - Windows 6.2.9200 
2016-08-30 14:43:48,532 - bacon - INFO - Architecture: x64
2016-08-30 14:43:48,532 - bacon - INFO - Number of processors: 8
2016-08-30 14:43:48,549 - bacon - INFO - GL_VENDOR: Google Inc.
2016-08-30 14:43:48,549 - bacon - INFO - GL_RENDERER: ANGLE (Intel(R) HD Graphics 4600 Direct3D11 vs_5_0 ps_5_0)
2016-08-30 14:43:48,549 - bacon - INFO - GL_SHADING_LANGUAGE_VERSION: OpenGL ES GLSL ES 1.00 (ANGLE 1.2.0.2431)
2016-08-30 14:43:48,549 - bacon - INFO - GL_EXTENSIONS: GL_OES_element_index_uint GL_OES_packed_depth_stencil GL_OES_get_program_binary GL_OES_rgb8_rgba8 GL_OES_standard_derivatives GL_OES_texture_half_float GL_OES_texture_half_float_linear GL_OES_texture_float GL_OES_texture_float_linear GL_OES_texture_npot GL_EXT_occlusion_query_boolean GL_EXT_read_format_bgra GL_EXT_robustness GL_EXT_texture_compression_dxt1 GL_EXT_texture_filter_anisotropic GL_EXT_texture_format_BGRA8888 GL_EXT_draw_buffers GL_EXT_texture_storage GL_EXT_frag_depth GL_ANGLE_depth_texture GL_ANGLE_framebuffer_blit GL_ANGLE_framebuffer_multisample GL_ANGLE_instanced_arrays GL_ANGLE_pack_reverse_row_order GL_ANGLE_texture_compression_dxt3 GL_ANGLE_texture_compression_dxt5 GL_ANGLE_texture_usage GL_ANGLE_translated_shader_source GL_NV_fence
2016-08-30 14:43:48,558 - bacon - INFO - Window size changed to 800x600
2016-08-30 14:44:02,334 - bacon - INFO - Writing log file at C:\Users\Yadu\Desktop\Python\Bacon\bacon.log
2016-08-30 14:44:02,380 - bacon - INFO - Bacon 0.3.1
2016-08-30 14:44:02,426 - bacon - INFO - Windows 6.2.9200 
2016-08-30 14:44:02,426 - bacon - INFO - Architecture: x64
2016-08-30 14:44:02,426 - bacon - INFO - Number of processors: 8
2016-08-30 14:44:02,444 - bacon - INFO - GL_VENDOR: Google Inc.
2016-08-30 14:44:02,444 - bacon - INFO - GL_RENDERER: ANGLE (Intel(R) HD Graphics 4600 Direct3D11 vs_5_0 ps_5_0)
2016-08-30 14:44:02,444 - bacon - INFO - GL_SHADING_LANGUAGE_VERSION: OpenGL ES GLSL ES 1.00 (ANGLE 1.2.0.2431)
2016-08-30 14:44:02,444 - bacon - INFO - GL_EXTENSIONS: GL_OES_element_index_uint GL_OES_packed_depth_stencil GL_OES_get_program_binary GL_OES_rgb8_rgba8 GL_OES_standard_derivatives GL_OES_texture_half_float GL_OES_texture_half_float_linear GL_OES_texture_float GL_OES_texture_float_linear GL_OES_texture_npot GL_EXT_occlusion_query_boolean GL_EXT_read_format_bgra GL_EXT_robustness GL_EXT_texture_compression_dxt1 GL_EXT_texture_filter_anisotropic GL_EXT_texture_format_BGRA8888 GL_EXT_draw_buffers GL_EXT_texture_storage GL_EXT_frag_depth GL_ANGLE_depth_texture GL_ANGLE_framebuffer_blit GL_ANGLE_framebuffer_multisample GL_ANGLE_instanced_arrays GL_ANGLE_pack_reverse_row_order GL_ANGLE_texture_compression_dxt3 GL_ANGLE_texture_compression_dxt5 GL_ANGLE_texture_usage GL_ANGLE_translated_shader_source GL_NV_fence
2016-08-30 14:44:02,453 - bacon - INFO - Window size changed to 800x600
2016-08-30 14:44:13,533 - bacon - INFO - Writing log file at C:\Users\Yadu\Desktop\Python\Bacon\bacon.log
2016-08-30 14:44:13,594 - bacon - INFO - Bacon 0.3.1
2016-08-30 14:44:13,642 - bacon - INFO - Windows 6.2.9200 
2016-08-30 14:44:13,644 - bacon - INFO - Architecture: x64
2016-08-30 14:44:13,644 - bacon - INFO - Number of processors: 8
2016-08-30 14:44:13,663 - bacon - INFO - GL_VENDOR: Google Inc.
2016-08-30 14:44:13,664 - bacon - INFO - GL_RENDERER: ANGLE (Intel(R) HD Graphics 4600 Direct3D11 vs_5_0 ps_5_0)
2016-08-30 14:44:13,664 - bacon - INFO - GL_SHADING_LANGUAGE_VERSION: OpenGL ES GLSL ES 1.00 (ANGLE 1.2.0.2431)
2016-08-30 14:44:13,664 - bacon - INFO - GL_EXTENSIONS: GL_OES_element_index_uint GL_OES_packed_depth_stencil GL_OES_get_program_binary GL_OES_rgb8_rgba8 GL_OES_standard_derivatives GL_OES_texture_half_float GL_OES_texture_half_float_linear GL_OES_texture_float GL_OES_texture_float_linear GL_OES_texture_npot GL_EXT_occlusion_query_boolean GL_EXT_read_format_bgra GL_EXT_robustness GL_EXT_texture_compression_dxt1 GL_EXT_texture_filter_anisotropic GL_EXT_texture_format_BGRA8888 GL_EXT_draw_buffers GL_EXT_texture_storage GL_EXT_frag_depth GL_ANGLE_depth_texture GL_ANGLE_framebuffer_blit GL_ANGLE_framebuffer_multisample GL_ANGLE_instanced_arrays GL_ANGLE_pack_reverse_row_order GL_ANGLE_texture_compression_dxt3 GL_ANGLE_texture_compression_dxt5 GL_ANGLE_texture_usage GL_ANGLE_translated_shader_source GL_NV_fence
2016-08-30 14:44:13,673 - bacon - INFO - Window size changed to 800x600
2016-08-30 14:44:21,744 - bacon - INFO - Writing log file at C:\Users\Yadu\Desktop\Python\Bacon\bacon.log
2016-08-30 14:44:21,792 - bacon - INFO - Bacon 0.3.1
2016-08-30 14:44:21,838 - bacon - INFO - Windows 6.2.9200 
2016-08-30 14:44:21,838 - bacon - INFO - Architecture: x64
2016-08-30 14:44:21,838 - bacon - INFO - Number of processors: 8
2016-08-30 14:44:21,857 - bacon - INFO - GL_VENDOR: Google Inc.
2016-08-30 14:44:21,857 - bacon - INFO - GL_RENDERER: ANGLE (Intel(R) HD Graphics 4600 Direct3D11 vs_5_0 ps_5_0)
2016-08-30 14:44:21,857 - bacon - INFO - GL_SHADING_LANGUAGE_VERSION: OpenGL ES GLSL ES 1.00 (ANGLE 1.2.0.2431)
2016-08-30 14:44:21,857 - bacon - INFO - GL_EXTENSIONS: GL_OES_element_index_uint GL_OES_packed_depth_stencil GL_OES_get_program_binary GL_OES_rgb8_rgba8 GL_OES_standard_derivatives GL_OES_texture_half_float GL_OES_texture_half_float_linear GL_OES_texture_float GL_OES_texture_float_linear GL_OES_texture_npot GL_EXT_occlusion_query_boolean GL_EXT_read_format_bgra GL_EXT_robustness GL_EXT_texture_compression_dxt1 GL_EXT_texture_filter_anisotropic GL_EXT_texture_format_BGRA8888 GL_EXT_draw_buffers GL_EXT_texture_storage GL_EXT_frag_depth GL_ANGLE_depth_texture GL_ANGLE_framebuffer_blit GL_ANGLE_framebuffer_multisample GL_ANGLE_instanced_arrays GL_ANGLE_pack_reverse_row_order GL_ANGLE_texture_compression_dxt3 GL_ANGLE_texture_compression_dxt5 GL_ANGLE_texture_usage GL_ANGLE_translated_shader_source GL_NV_fence
2016-08-30 14:44:21,865 - bacon - INFO - Window size changed to 800x600
2016-08-30 14:44:35,315 - bacon - INFO - Writing log file at C:\Users\Yadu\Desktop\Python\Bacon\bacon.log
2016-08-30 14:44:35,361 - bacon - INFO - Bacon 0.3.1
2016-08-30 14:44:35,407 - bacon - INFO - Windows 6.2.9200 
2016-08-30 14:44:35,407 - bacon - INFO - Architecture: x64
2016-08-30 14:44:35,408 - bacon - INFO - Number of processors: 8
2016-08-30 14:44:35,426 - bacon - INFO - GL_VENDOR: Google Inc.
2016-08-30 14:44:35,426 - bacon - INFO - GL_RENDERER: ANGLE (Intel(R) HD Graphics 4600 Direct3D11 vs_5_0 ps_5_0)
2016-08-30 14:44:35,426 - bacon - INFO - GL_SHADING_LANGUAGE_VERSION: OpenGL ES GLSL ES 1.00 (ANGLE 1.2.0.2431)
2016-08-30 14:44:35,426 - bacon - INFO - GL_EXTENSIONS: GL_OES_element_index_uint GL_OES_packed_depth_stencil GL_OES_get_program_binary GL_OES_rgb8_rgba8 GL_OES_standard_derivatives GL_OES_texture_half_float GL_OES_texture_half_float_linear GL_OES_texture_float GL_OES_texture_float_linear GL_OES_texture_npot GL_EXT_occlusion_query_boolean GL_EXT_read_format_bgra GL_EXT_robustness GL_EXT_texture_compression_dxt1 GL_EXT_texture_filter_anisotropic GL_EXT_texture_format_BGRA8888 GL_EXT_draw_buffers GL_EXT_texture_storage GL_EXT_frag_depth GL_ANGLE_depth_texture GL_ANGLE_framebuffer_blit GL_ANGLE_framebuffer_multisample GL_ANGLE_instanced_arrays GL_ANGLE_pack_reverse_row_order GL_ANGLE_texture_compression_dxt3 GL_ANGLE_texture_compression_dxt5 GL_ANGLE_texture_usage GL_ANGLE_translated_shader_source GL_NV_fence
2016-08-30 14:44:35,434 - bacon - INFO - Window size changed to 800x600
2016-08-30 14:44:50,467 - bacon - INFO - Writing log file at C:\Users\Yadu\Desktop\Python\Bacon\bacon.log
2016-08-30 14:44:50,513 - bacon - INFO - Bacon 0.3.1
2016-08-30 14:44:50,559 - bacon - INFO - Windows 6.2.9200 
2016-08-30 14:44:50,559 - bacon - INFO - Architecture: x64
2016-08-30 14:44:50,559 - bacon - INFO - Number of processors: 8
2016-08-30 14:44:50,575 - bacon - INFO - GL_VENDOR: Google Inc.
2016-08-30 14:44:50,575 - bacon - INFO - GL_RENDERER: ANGLE (Intel(R) HD Graphics 4600 Direct3D11 vs_5_0 ps_5_0)
2016-08-30 14:44:50,575 - bacon - INFO - GL_SHADING_LANGUAGE_VERSION: OpenGL ES GLSL ES 1.00 (ANGLE 1.2.0.2431)
2016-08-30 14:44:50,576 - bacon - INFO - GL_EXTENSIONS: GL_OES_element_index_uint GL_OES_packed_depth_stencil GL_OES_get_program_binary GL_OES_rgb8_rgba8 GL_OES_standard_derivatives GL_OES_texture_half_float GL_OES_texture_half_float_linear GL_OES_texture_float GL_OES_texture_float_linear GL_OES_texture_npot GL_EXT_occlusion_query_boolean GL_EXT_read_format_bgra GL_EXT_robustness GL_EXT_texture_compression_dxt1 GL_EXT_texture_filter_anisotropic GL_EXT_texture_format_BGRA8888 GL_EXT_draw_buffers GL_EXT_texture_storage GL_EXT_frag_depth GL_ANGLE_depth_texture GL_ANGLE_framebuffer_blit GL_ANGLE_framebuffer_multisample GL_ANGLE_instanced_arrays GL_ANGLE_pack_reverse_row_order GL_ANGLE_texture_compression_dxt3 GL_ANGLE_texture_compression_dxt5 GL_ANGLE_texture_usage GL_ANGLE_translated_shader_source GL_NV_fence
2016-08-30 14:44:50,585 - bacon - INFO - Window size changed to 800x600
2016-08-30 14:45:16,549 - bacon - INFO - Writing log file at C:\Users\Yadu\Desktop\Python\Bacon\bacon.log
2016-08-30 14:45:16,595 - bacon - INFO - Bacon 0.3.1
2016-08-30 14:45:16,641 - bacon - INFO - Windows 6.2.9200 
2016-08-30 14:45:16,641 - bacon - INFO - Architecture: x64
2016-08-30 14:45:16,641 - bacon - INFO - Number of processors: 8
2016-08-30 14:45:16,657 - bacon - INFO - GL_VENDOR: Google Inc.
2016-08-30 14:45:16,657 - bacon - INFO - GL_RENDERER: ANGLE (Intel(R) HD Graphics 4600 Direct3D11 vs_5_0 ps_5_0)
2016-08-30 14:45:16,657 - bacon - INFO - GL_SHADING_LANGUAGE_VERSION: OpenGL ES GLSL ES 1.00 (ANGLE 1.2.0.2431)
2016-08-30 14:45:16,657 - bacon - INFO - GL_EXTENSIONS: GL_OES_element_index_uint GL_OES_packed_depth_stencil GL_OES_get_program_binary GL_OES_rgb8_rgba8 GL_OES_standard_derivatives GL_OES_texture_half_float GL_OES_texture_half_float_linear GL_OES_texture_float GL_OES_texture_float_linear GL_OES_texture_npot GL_EXT_occlusion_query_boolean GL_EXT_read_format_bgra GL_EXT_robustness GL_EXT_texture_compression_dxt1 GL_EXT_texture_filter_anisotropic GL_EXT_texture_format_BGRA8888 GL_EXT_draw_buffers GL_EXT_texture_storage GL_EXT_frag_depth GL_ANGLE_depth_texture GL_ANGLE_framebuffer_blit GL_ANGLE_framebuffer_multisample GL_ANGLE_instanced_arrays GL_ANGLE_pack_reverse_row_order GL_ANGLE_texture_compression_dxt3 GL_ANGLE_texture_compression_dxt5 GL_ANGLE_texture_usage GL_ANGLE_translated_shader_source GL_NV_fence
2016-08-30 14:45:16,667 - bacon - INFO - Window size changed to 800x600
2016-08-30 14:48:34,066 - bacon - INFO - Writing log file at C:\Users\Yadu\Desktop\Python\Bacon\bacon.log
2016-08-30 14:48:34,111 - bacon - INFO - Bacon 0.3.1
2016-08-30 14:48:34,157 - bacon - INFO - Windows 6.2.9200 
2016-08-30 14:48:34,157 - bacon - INFO - Architecture: x64
2016-08-30 14:48:34,157 - bacon - INFO - Number of processors: 8
2016-08-30 14:48:34,174 - bacon - INFO - GL_VENDOR: Google Inc.
2016-08-30 14:48:34,174 - bacon - INFO - GL_RENDERER: ANGLE (Intel(R) HD Graphics 4600 Direct3D11 vs_5_0 ps_5_0)
2016-08-30 14:48:34,174 - bacon - INFO - GL_SHADING_LANGUAGE_VERSION: OpenGL ES GLSL ES 1.00 (ANGLE 1.2.0.2431)
2016-08-30 14:48:34,176 - bacon - INFO - GL_EXTENSIONS: GL_OES_element_index_uint GL_OES_packed_depth_stencil GL_OES_get_program_binary GL_OES_rgb8_rgba8 GL_OES_standard_derivatives GL_OES_texture_half_float GL_OES_texture_half_float_linear GL_OES_texture_float GL_OES_texture_float_linear GL_OES_texture_npot GL_EXT_occlusion_query_boolean GL_EXT_read_format_bgra GL_EXT_robustness GL_EXT_texture_compression_dxt1 GL_EXT_texture_filter_anisotropic GL_EXT_texture_format_BGRA8888 GL_EXT_draw_buffers GL_EXT_texture_storage GL_EXT_frag_depth GL_ANGLE_depth_texture GL_ANGLE_framebuffer_blit GL_ANGLE_framebuffer_multisample GL_ANGLE_instanced_arrays GL_ANGLE_pack_reverse_row_order GL_ANGLE_texture_compression_dxt3 GL_ANGLE_texture_compression_dxt5 GL_ANGLE_texture_usage GL_ANGLE_translated_shader_source GL_NV_fence
2016-08-30 14:48:34,184 - bacon - INFO - Window size changed to 800x600
2016-08-30 14:49:59,043 - bacon - INFO - Writing log file at C:\Users\Yadu\Desktop\Python\Bacon\bacon.log
2016-08-30 14:49:59,089 - bacon - INFO - Bacon 0.3.1
2016-08-30 14:49:59,135 - bacon - INFO - Windows 6.2.9200 
2016-08-30 14:49:59,135 - bacon - INFO - Architecture: x64
2016-08-30 14:49:59,135 - bacon - INFO - Number of processors: 8
2016-08-30 14:49:59,154 - bacon - INFO - GL_VENDOR: Google Inc.
2016-08-30 14:49:59,154 - bacon - INFO - GL_RENDERER: ANGLE (Intel(R) HD Graphics 4600 Direct3D11 vs_5_0 ps_5_0)
2016-08-30 14:49:59,154 - bacon - INFO - GL_SHADING_LANGUAGE_VERSION: OpenGL ES GLSL ES 1.00 (ANGLE 1.2.0.2431)
2016-08-30 14:49:59,154 - bacon - INFO - GL_EXTENSIONS: GL_OES_element_index_uint GL_OES_packed_depth_stencil GL_OES_get_program_binary GL_OES_rgb8_rgba8 GL_OES_standard_derivatives GL_OES_texture_half_float GL_OES_texture_half_float_linear GL_OES_texture_float GL_OES_texture_float_linear GL_OES_texture_npot GL_EXT_occlusion_query_boolean GL_EXT_read_format_bgra GL_EXT_robustness GL_EXT_texture_compression_dxt1 GL_EXT_texture_filter_anisotropic GL_EXT_texture_format_BGRA8888 GL_EXT_draw_buffers GL_EXT_texture_storage GL_EXT_frag_depth GL_ANGLE_depth_texture GL_ANGLE_framebuffer_blit GL_ANGLE_framebuffer_multisample GL_ANGLE_instanced_arrays GL_ANGLE_pack_reverse_row_order GL_ANGLE_texture_compression_dxt3 GL_ANGLE_texture_compression_dxt5 GL_ANGLE_texture_usage GL_ANGLE_translated_shader_source GL_NV_fence
2016-08-30 14:49:59,161 - bacon - INFO - Window size changed to 800x600
2016-08-30 14:51:00,562 - bacon - INFO - Writing log file at C:\Users\Yadu\Desktop\Python\Bacon\bacon.log
2016-08-30 14:51:00,608 - bacon - INFO - Bacon 0.3.1
2016-08-30 14:51:00,654 - bacon - INFO - Windows 6.2.9200 
2016-08-30 14:51:00,654 - bacon - INFO - Architecture: x64
2016-08-30 14:51:00,654 - bacon - INFO - Number of processors: 8
2016-08-30 14:51:00,671 - bacon - INFO - GL_VENDOR: Google Inc.
2016-08-30 14:51:00,671 - bacon - INFO - GL_RENDERER: ANGLE (Intel(R) HD Graphics 4600 Direct3D11 vs_5_0 ps_5_0)
2016-08-30 14:51:00,671 - bacon - INFO - GL_SHADING_LANGUAGE_VERSION: OpenGL ES GLSL ES 1.00 (ANGLE 1.2.0.2431)
2016-08-30 14:51:00,671 - bacon - INFO - GL_EXTENSIONS: GL_OES_element_index_uint GL_OES_packed_depth_stencil GL_OES_get_program_binary GL_OES_rgb8_rgba8 GL_OES_standard_derivatives GL_OES_texture_half_float GL_OES_texture_half_float_linear GL_OES_texture_float GL_OES_texture_float_linear GL_OES_texture_npot GL_EXT_occlusion_query_boolean GL_EXT_read_format_bgra GL_EXT_robustness GL_EXT_texture_compression_dxt1 GL_EXT_texture_filter_anisotropic GL_EXT_texture_format_BGRA8888 GL_EXT_draw_buffers GL_EXT_texture_storage GL_EXT_frag_depth GL_ANGLE_depth_texture GL_ANGLE_framebuffer_blit GL_ANGLE_framebuffer_multisample GL_ANGLE_instanced_arrays GL_ANGLE_pack_reverse_row_order GL_ANGLE_texture_compression_dxt3 GL_ANGLE_texture_compression_dxt5 GL_ANGLE_texture_usage GL_ANGLE_translated_shader_source GL_NV_fence
2016-08-30 14:51:00,680 - bacon - INFO - Window size changed to 800x600
2016-08-30 14:52:41,742 - bacon - INFO - Writing log file at C:\Users\Yadu\Desktop\Python\Bacon\bacon.log
2016-08-30 14:52:41,803 - bacon - INFO - Bacon 0.3.1
2016-08-30 14:52:41,851 - bacon - INFO - Windows 6.2.9200 
2016-08-30 14:52:41,851 - bacon - INFO - Architecture: x64
2016-08-30 14:52:41,851 - bacon - INFO - Number of processors: 8
2016-08-30 14:52:41,875 - bacon - INFO - GL_VENDOR: Google Inc.
2016-08-30 14:52:41,875 - bacon - INFO - GL_RENDERER: ANGLE (Intel(R) HD Graphics 4600 Direct3D11 vs_5_0 ps_5_0)
2016-08-30 14:52:41,875 - bacon - INFO - GL_SHADING_LANGUAGE_VERSION: OpenGL ES GLSL ES 1.00 (ANGLE 1.2.0.2431)
2016-08-30 14:52:41,875 - bacon - INFO - GL_EXTENSIONS: GL_OES_element_index_uint GL_OES_packed_depth_stencil GL_OES_get_program_binary GL_OES_rgb8_rgba8 GL_OES_standard_derivatives GL_OES_texture_half_float GL_OES_texture_half_float_linear GL_OES_texture_float GL_OES_texture_float_linear GL_OES_texture_npot GL_EXT_occlusion_query_boolean GL_EXT_read_format_bgra GL_EXT_robustness GL_EXT_texture_compression_dxt1 GL_EXT_texture_filter_anisotropic GL_EXT_texture_format_BGRA8888 GL_EXT_draw_buffers GL_EXT_texture_storage GL_EXT_frag_depth GL_ANGLE_depth_texture GL_ANGLE_framebuffer_blit GL_ANGLE_framebuffer_multisample GL_ANGLE_instanced_arrays GL_ANGLE_pack_reverse_row_order GL_ANGLE_texture_compression_dxt3 GL_ANGLE_texture_compression_dxt5 GL_ANGLE_texture_usage GL_ANGLE_translated_shader_source GL_NV_fence
2016-08-30 14:52:41,882 - bacon - INFO - Window size changed to 800x600
2016-08-30 14:53:19,796 - bacon - INFO - Writing log file at C:\Users\Yadu\Desktop\Python\Bacon\bacon.log
2016-08-30 14:53:19,842 - bacon - INFO - Bacon 0.3.1
2016-08-30 14:53:19,888 - bacon - INFO - Windows 6.2.9200 
2016-08-30 14:53:19,888 - bacon - INFO - Architecture: x64
2016-08-30 14:53:19,888 - bacon - INFO - Number of processors: 8
2016-08-30 14:53:19,905 - bacon - INFO - GL_VENDOR: Google Inc.
2016-08-30 14:53:19,905 - bacon - INFO - GL_RENDERER: ANGLE (Intel(R) HD Graphics 4600 Direct3D11 vs_5_0 ps_5_0)
2016-08-30 14:53:19,905 - bacon - INFO - GL_SHADING_LANGUAGE_VERSION: OpenGL ES GLSL ES 1.00 (ANGLE 1.2.0.2431)
2016-08-30 14:53:19,905 - bacon - INFO - GL_EXTENSIONS: GL_OES_element_index_uint GL_OES_packed_depth_stencil GL_OES_get_program_binary GL_OES_rgb8_rgba8 GL_OES_standard_derivatives GL_OES_texture_half_float GL_OES_texture_half_float_linear GL_OES_texture_float GL_OES_texture_float_linear GL_OES_texture_npot GL_EXT_occlusion_query_boolean GL_EXT_read_format_bgra GL_EXT_robustness GL_EXT_texture_compression_dxt1 GL_EXT_texture_filter_anisotropic GL_EXT_texture_format_BGRA8888 GL_EXT_draw_buffers GL_EXT_texture_storage GL_EXT_frag_depth GL_ANGLE_depth_texture GL_ANGLE_framebuffer_blit GL_ANGLE_framebuffer_multisample GL_ANGLE_instanced_arrays GL_ANGLE_pack_reverse_row_order GL_ANGLE_texture_compression_dxt3 GL_ANGLE_texture_compression_dxt5 GL_ANGLE_texture_usage GL_ANGLE_translated_shader_source GL_NV_fence
2016-08-30 14:53:19,914 - bacon - INFO - Window size changed to 800x600
2016-08-30 14:54:36,319 - bacon - INFO - Writing log file at C:\Users\Yadu\Desktop\Python\Bacon\bacon.log
2016-08-30 14:54:36,365 - bacon - INFO - Bacon 0.3.1
2016-08-30 14:54:36,411 - bacon - INFO - Windows 6.2.9200 
2016-08-30 14:54:36,411 - bacon - INFO - Architecture: x64
2016-08-30 14:54:36,411 - bacon - INFO - Number of processors: 8
2016-08-30 14:54:36,428 - bacon - INFO - GL_VENDOR: Google Inc.
2016-08-30 14:54:36,428 - bacon - INFO - GL_RENDERER: ANGLE (Intel(R) HD Graphics 4600 Direct3D11 vs_5_0 ps_5_0)
2016-08-30 14:54:36,428 - bacon - INFO - GL_SHADING_LANGUAGE_VERSION: OpenGL ES GLSL ES 1.00 (ANGLE 1.2.0.2431)
2016-08-30 14:54:36,428 - bacon - INFO - GL_EXTENSIONS: GL_OES_element_index_uint GL_OES_packed_depth_stencil GL_OES_get_program_binary GL_OES_rgb8_rgba8 GL_OES_standard_derivatives GL_OES_texture_half_float GL_OES_texture_half_float_linear GL_OES_texture_float GL_OES_texture_float_linear GL_OES_texture_npot GL_EXT_occlusion_query_boolean GL_EXT_read_format_bgra GL_EXT_robustness GL_EXT_texture_compression_dxt1 GL_EXT_texture_filter_anisotropic GL_EXT_texture_format_BGRA8888 GL_EXT_draw_buffers GL_EXT_texture_storage GL_EXT_frag_depth GL_ANGLE_depth_texture GL_ANGLE_framebuffer_blit GL_ANGLE_framebuffer_multisample GL_ANGLE_instanced_arrays GL_ANGLE_pack_reverse_row_order GL_ANGLE_texture_compression_dxt3 GL_ANGLE_texture_compression_dxt5 GL_ANGLE_texture_usage GL_ANGLE_translated_shader_source GL_NV_fence
2016-08-30 14:54:36,436 - bacon - INFO - Window size changed to 800x600
2016-08-30 14:56:04,220 - bacon - INFO - Writing log file at C:\Users\Yadu\Desktop\Python\Bacon\bacon.log
2016-08-30 14:56:04,267 - bacon - INFO - Bacon 0.3.1
2016-08-30 14:56:04,315 - bacon - INFO - Windows 6.2.9200 
2016-08-30 14:56:04,315 - bacon - INFO - Architecture: x64
2016-08-30 14:56:04,315 - bacon - INFO - Number of processors: 8
2016-08-30 14:56:04,325 - bacon - INFO - Window size changed to 1536x864
2016-08-30 14:56:04,338 - bacon - INFO - GL_VENDOR: Google Inc.
2016-08-30 14:56:04,338 - bacon - INFO - GL_RENDERER: ANGLE (Intel(R) HD Graphics 4600 Direct3D11 vs_5_0 ps_5_0)
2016-08-30 14:56:04,338 - bacon - INFO - GL_SHADING_LANGUAGE_VERSION: OpenGL ES GLSL ES 1.00 (ANGLE 1.2.0.2431)
2016-08-30 14:56:04,338 - bacon - INFO - GL_EXTENSIONS: GL_OES_element_index_uint GL_OES_packed_depth_stencil GL_OES_get_program_binary GL_OES_rgb8_rgba8 GL_OES_standard_derivatives GL_OES_texture_half_float GL_OES_texture_half_float_linear GL_OES_texture_float GL_OES_texture_float_linear GL_OES_texture_npot GL_EXT_occlusion_query_boolean GL_EXT_read_format_bgra GL_EXT_robustness GL_EXT_texture_compression_dxt1 GL_EXT_texture_filter_anisotropic GL_EXT_texture_format_BGRA8888 GL_EXT_draw_buffers GL_EXT_texture_storage GL_EXT_frag_depth GL_ANGLE_depth_texture GL_ANGLE_framebuffer_blit GL_ANGLE_framebuffer_multisample GL_ANGLE_instanced_arrays GL_ANGLE_pack_reverse_row_order GL_ANGLE_texture_compression_dxt3 GL_ANGLE_texture_compression_dxt5 GL_ANGLE_texture_usage GL_ANGLE_translated_shader_source GL_NV_fence
2016-08-30 14:56:04,339 - bacon - INFO - Window size changed to 1536x864
2016-09-08 12:12:01,457 - bacon - INFO - Writing log file at C:\Users\Yadu\Desktop\ema-virtual-worlds-s1c1ws-1617\Yadu\Bacon\bacon.log
2016-09-08 12:12:03,242 - bacon - INFO - Bacon 0.3.1
2016-09-08 12:12:04,025 - bacon - INFO - Windows 6.2.9200 
2016-09-08 12:12:04,025 - bacon - INFO - Architecture: x64
2016-09-08 12:12:04,025 - bacon - INFO - Number of processors: 8
2016-09-08 12:12:04,237 - bacon - INFO - GL_VENDOR: Google Inc.
2016-09-08 12:12:04,237 - bacon - INFO - GL_RENDERER: ANGLE (Intel(R) HD Graphics 4600 Direct3D11 vs_5_0 ps_5_0)
2016-09-08 12:12:04,237 - bacon - INFO - GL_SHADING_LANGUAGE_VERSION: OpenGL ES GLSL ES 1.00 (ANGLE 1.2.0.2431)
2016-09-08 12:12:04,237 - bacon - INFO - GL_EXTENSIONS: GL_OES_element_index_uint GL_OES_packed_depth_stencil GL_OES_get_program_binary GL_OES_rgb8_rgba8 GL_OES_standard_derivatives GL_OES_texture_half_float GL_OES_texture_half_float_linear GL_OES_texture_float GL_OES_texture_float_linear GL_OES_texture_npot GL_EXT_occlusion_query_boolean GL_EXT_read_format_bgra GL_EXT_robustness GL_EXT_texture_compression_dxt1 GL_EXT_texture_filter_anisotropic GL_EXT_texture_format_BGRA8888 GL_EXT_draw_buffers GL_EXT_texture_storage GL_EXT_frag_depth GL_ANGLE_depth_texture GL_ANGLE_framebuffer_blit GL_ANGLE_framebuffer_multisample GL_ANGLE_instanced_arrays GL_ANGLE_pack_reverse_row_order GL_ANGLE_texture_compression_dxt3 GL_ANGLE_texture_compression_dxt5 GL_ANGLE_texture_usage GL_ANGLE_translated_shader_source GL_NV_fence
2016-09-08 12:12:04,299 - bacon - INFO - Window size changed to 800x600
2016-09-08 12:12:15,815 - bacon - INFO - Writing log file at C:\Users\Yadu\Desktop\ema-virtual-worlds-s1c1ws-1617\Yadu\Bacon\bacon.log
2016-09-08 12:12:15,918 - bacon - INFO - Bacon 0.3.1
2016-09-08 12:12:15,967 - bacon - INFO - Windows 6.2.9200 
2016-09-08 12:12:15,967 - bacon - INFO - Architecture: x64
2016-09-08 12:12:15,967 - bacon - INFO - Number of processors: 8
2016-09-08 12:12:16,055 - bacon - INFO - GL_VENDOR: Google Inc.
2016-09-08 12:12:16,055 - bacon - INFO - GL_RENDERER: ANGLE (Intel(R) HD Graphics 4600 Direct3D11 vs_5_0 ps_5_0)
2016-09-08 12:12:16,055 - bacon - INFO - GL_SHADING_LANGUAGE_VERSION: OpenGL ES GLSL ES 1.00 (ANGLE 1.2.0.2431)
2016-09-08 12:12:16,055 - bacon - INFO - GL_EXTENSIONS: GL_OES_element_index_uint GL_OES_packed_depth_stencil GL_OES_get_program_binary GL_OES_rgb8_rgba8 GL_OES_standard_derivatives GL_OES_texture_half_float GL_OES_texture_half_float_linear GL_OES_texture_float GL_OES_texture_float_linear GL_OES_texture_npot GL_EXT_occlusion_query_boolean GL_EXT_read_format_bgra GL_EXT_robustness GL_EXT_texture_compression_dxt1 GL_EXT_texture_filter_anisotropic GL_EXT_texture_format_BGRA8888 GL_EXT_draw_buffers GL_EXT_texture_storage GL_EXT_frag_depth GL_ANGLE_depth_texture GL_ANGLE_framebuffer_blit GL_ANGLE_framebuffer_multisample GL_ANGLE_instanced_arrays GL_ANGLE_pack_reverse_row_order GL_ANGLE_texture_compression_dxt3 GL_ANGLE_texture_compression_dxt5 GL_ANGLE_texture_usage GL_ANGLE_translated_shader_source GL_NV_fence
2016-09-08 12:12:16,072 - bacon - INFO - Window size changed to 800x600
2016-09-08 12:14:01,969 - bacon - INFO - Writing log file at C:\Users\Yadu\Desktop\ema-virtual-worlds-s1c1ws-1617\Yadu\Bacon\bacon.log
2016-09-08 12:14:02,036 - bacon - INFO - Bacon 0.3.1
2016-09-08 12:14:02,084 - bacon - INFO - Windows 6.2.9200 
2016-09-08 12:14:02,084 - bacon - INFO - Architecture: x64
2016-09-08 12:14:02,084 - bacon - INFO - Number of processors: 8
2016-09-08 12:14:02,137 - bacon - INFO - GL_VENDOR: Google Inc.
2016-09-08 12:14:02,138 - bacon - INFO - GL_RENDERER: ANGLE (Intel(R) HD Graphics 4600 Direct3D11 vs_5_0 ps_5_0)
2016-09-08 12:14:02,138 - bacon - INFO - GL_SHADING_LANGUAGE_VERSION: OpenGL ES GLSL ES 1.00 (ANGLE 1.2.0.2431)
2016-09-08 12:14:02,138 - bacon - INFO - GL_EXTENSIONS: GL_OES_element_index_uint GL_OES_packed_depth_stencil GL_OES_get_program_binary GL_OES_rgb8_rgba8 GL_OES_standard_derivatives GL_OES_texture_half_float GL_OES_texture_half_float_linear GL_OES_texture_float GL_OES_texture_float_linear GL_OES_texture_npot GL_EXT_occlusion_query_boolean GL_EXT_read_format_bgra GL_EXT_robustness GL_EXT_texture_compression_dxt1 GL_EXT_texture_filter_anisotropic GL_EXT_texture_format_BGRA8888 GL_EXT_draw_buffers GL_EXT_texture_storage GL_EXT_frag_depth GL_ANGLE_depth_texture GL_ANGLE_framebuffer_blit GL_ANGLE_framebuffer_multisample GL_ANGLE_instanced_arrays GL_ANGLE_pack_reverse_row_order GL_ANGLE_texture_compression_dxt3 GL_ANGLE_texture_compression_dxt5 GL_ANGLE_texture_usage GL_ANGLE_translated_shader_source GL_NV_fence
2016-09-08 12:14:02,154 - bacon - INFO - Window size changed to 800x600
